<?xml version="1.0" encoding="UTF-8"?>
<testsuite name="com.example.task11.Tests" tests="1" skipped="0" failures="0" errors="0" timestamp="2021-02-18T10:56:10" hostname="DESKTOP-9KH9KKL" time="0.002">
  <properties/>
  <testcase name="testSwap" classname="com.example.task11.Tests" time="0.002"/>
  <system-out><![CDATA[]]></system-out>
  <system-err><![CDATA[]]></system-err>
</testsuite>
