<?xml version="1.0" encoding="UTF-8"?>
<testsuite name="com.example.task01.Tests" tests="1" skipped="0" failures="0" errors="0" timestamp="2021-02-17T19:30:21" hostname="DESKTOP-9KH9KKL" time="0.002">
  <properties/>
  <testcase name="testCanGetDriverLicense" classname="com.example.task01.Tests" time="0.002"/>
  <system-out><![CDATA[]]></system-out>
  <system-err><![CDATA[]]></system-err>
</testsuite>
