<?xml version="1.0" encoding="UTF-8"?>
<testsuite name="com.example.task12.Tests" tests="1" skipped="0" failures="0" errors="0" timestamp="2021-02-18T11:07:20" hostname="DESKTOP-9KH9KKL" time="0.002">
  <properties/>
  <testcase name="testSelectionSort" classname="com.example.task12.Tests" time="0.002"/>
  <system-out><![CDATA[]]></system-out>
  <system-err><![CDATA[]]></system-err>
</testsuite>
