<?xml version="1.0" encoding="UTF-8"?>
<testsuite name="com.example.task02.Tests" tests="1" skipped="0" failures="0" errors="0" timestamp="2021-02-17T19:36:59" hostname="DESKTOP-9KH9KKL" time="0.002">
  <properties/>
  <testcase name="testGetSeason" classname="com.example.task02.Tests" time="0.002"/>
  <system-out><![CDATA[]]></system-out>
  <system-err><![CDATA[]]></system-err>
</testsuite>
