<?xml version="1.0" encoding="UTF-8"?>
<testsuite name="com.example.task10.Tests" tests="1" skipped="0" failures="0" errors="0" timestamp="2021-02-18T10:45:50" hostname="DESKTOP-9KH9KKL" time="0.001">
  <properties/>
  <testcase name="testMin" classname="com.example.task10.Tests" time="0.001"/>
  <system-out><![CDATA[]]></system-out>
  <system-err><![CDATA[]]></system-err>
</testsuite>
