<?xml version="1.0" encoding="UTF-8"?>
<testsuite name="com.example.task13.Tests" tests="1" skipped="0" failures="0" errors="0" timestamp="2021-02-18T11:13:07" hostname="DESKTOP-9KH9KKL" time="0.01">
  <properties/>
  <testcase name="testSelectionSort" classname="com.example.task13.Tests" time="0.01"/>
  <system-out><![CDATA[]]></system-out>
  <system-err><![CDATA[]]></system-err>
</testsuite>
