<?xml version="1.0" encoding="UTF-8"?>
<testsuite name="com.example.task04.Tests" tests="1" skipped="0" failures="0" errors="0" timestamp="2021-02-17T19:51:37" hostname="DESKTOP-9KH9KKL" time="0.028">
  <properties/>
  <testcase name="testFrom0to10000" classname="com.example.task04.Tests" time="0.028"/>
  <system-out><![CDATA[]]></system-out>
  <system-err><![CDATA[]]></system-err>
</testsuite>
