<?xml version="1.0" encoding="UTF-8"?>
<testsuite name="com.example.task08.Tests" tests="1" skipped="0" failures="0" errors="0" timestamp="2021-02-25T12:41:08" hostname="roflan" time="0.007">
  <properties/>
  <testcase name="testMult" classname="com.example.task08.Tests" time="0.007"/>
  <system-out><![CDATA[]]></system-out>
  <system-err><![CDATA[]]></system-err>
</testsuite>
