<?xml version="1.0" encoding="UTF-8"?>
<testsuite name="com.example.task06.Tests" tests="1" skipped="0" failures="0" errors="0" timestamp="2021-02-18T09:54:39" hostname="DESKTOP-9KH9KKL" time="0.006">
  <properties/>
  <testcase name="testGetMax" classname="com.example.task06.Tests" time="0.006"/>
  <system-out><![CDATA[]]></system-out>
  <system-err><![CDATA[]]></system-err>
</testsuite>
