<?xml version="1.0" encoding="UTF-8"?>
<testsuite name="com.example.task07.Tests" tests="1" skipped="0" failures="0" errors="0" timestamp="2021-02-18T09:56:10" hostname="DESKTOP-9KH9KKL" time="0.007">
  <properties/>
  <testcase name="testSum" classname="com.example.task07.Tests" time="0.007"/>
  <system-out><![CDATA[]]></system-out>
  <system-err><![CDATA[]]></system-err>
</testsuite>
